
===========================================================================
report_checks -unconstrained
===========================================================================
======================= Fastest Corner ===================================

Startpoint: _1486_ (rising edge-triggered flip-flop clocked by CLK)
Endpoint: _1495_ (rising edge-triggered flip-flop clocked by CLK)
Path Group: CLK
Path Type: max
Corner: Fastest

Fanout     Cap    Slew   Delay    Time   Description
-----------------------------------------------------------------------------
                  0.15    0.00    0.00   clock CLK (rise edge)
                          0.00    0.00   clock network delay (ideal)
                  0.15    0.00    0.00 ^ _1486_/CLK (sky130_fd_sc_hd__dfxtp_2)
     6    0.03    0.11    0.30    0.30 ^ _1486_/Q (sky130_fd_sc_hd__dfxtp_2)
                                         exp_term[4] (net)
                  0.11    0.00    0.30 ^ _0748_/A_N (sky130_fd_sc_hd__and2b_1)
     1    0.01    0.03    0.13    0.43 v _0748_/X (sky130_fd_sc_hd__and2b_1)
                                         _0057_ (net)
                  0.03    0.00    0.43 v _0749_/A (sky130_fd_sc_hd__nor2_2)
     3    0.01    0.11    0.12    0.55 ^ _0749_/Y (sky130_fd_sc_hd__nor2_2)
                                         _0058_ (net)
                  0.11    0.00    0.55 ^ _0751_/A2 (sky130_fd_sc_hd__a211oi_2)
     2    0.01    0.05    0.06    0.61 v _0751_/Y (sky130_fd_sc_hd__a211oi_2)
                                         _0060_ (net)
                  0.05    0.00    0.61 v _0752_/C (sky130_fd_sc_hd__or3_4)
     2    0.01    0.05    0.21    0.83 v _0752_/X (sky130_fd_sc_hd__or3_4)
                                         _0061_ (net)
                  0.05    0.00    0.83 v _0789_/A1 (sky130_fd_sc_hd__a22o_4)
     4    0.01    0.03    0.15    0.97 v _0789_/X (sky130_fd_sc_hd__a22o_4)
                                         _0098_ (net)
                  0.03    0.00    0.97 v _0801_/A (sky130_fd_sc_hd__buf_6)
    10    0.04    0.04    0.10    1.07 v _0801_/X (sky130_fd_sc_hd__buf_6)
                                         _0110_ (net)
                  0.04    0.00    1.08 v _0840_/C (sky130_fd_sc_hd__nor4b_1)
     2    0.01    0.28    0.26    1.34 ^ _0840_/Y (sky130_fd_sc_hd__nor4b_1)
                                         _0149_ (net)
                  0.28    0.00    1.34 ^ wire35/A (sky130_fd_sc_hd__clkbuf_2)
     4    0.01    0.07    0.13    1.47 ^ wire35/X (sky130_fd_sc_hd__clkbuf_2)
                                         net35 (net)
                  0.07    0.00    1.47 ^ _0841_/B1 (sky130_fd_sc_hd__o21a_1)
     1    0.01    0.05    0.08    1.55 ^ _0841_/X (sky130_fd_sc_hd__o21a_1)
                                         _0150_ (net)
                  0.05    0.00    1.55 ^ _0842_/A4 (sky130_fd_sc_hd__o41ai_2)
     1    0.00    0.04    0.04    1.59 v _0842_/Y (sky130_fd_sc_hd__o41ai_2)
                                         _0151_ (net)
                  0.04    0.00    1.59 v wire34/A (sky130_fd_sc_hd__clkbuf_1)
     2    0.01    0.03    0.07    1.66 v wire34/X (sky130_fd_sc_hd__clkbuf_1)
                                         net34 (net)
                  0.03    0.00    1.66 v max_cap33/A (sky130_fd_sc_hd__clkbuf_1)
     1    0.00    0.02    0.06    1.72 v max_cap33/X (sky130_fd_sc_hd__clkbuf_1)
                                         net33 (net)
                  0.02    0.00    1.72 v _0846_/A1 (sky130_fd_sc_hd__a21o_1)
     4    0.01    0.05    0.13    1.85 v _0846_/X (sky130_fd_sc_hd__a21o_1)
                                         _0155_ (net)
                  0.05    0.00    1.85 v _0881_/A2 (sky130_fd_sc_hd__a21o_1)
     2    0.01    0.04    0.15    1.99 v _0881_/X (sky130_fd_sc_hd__a21o_1)
                                         _0190_ (net)
                  0.04    0.00    1.99 v _0933_/A1 (sky130_fd_sc_hd__a21o_1)
     2    0.01    0.04    0.12    2.12 v _0933_/X (sky130_fd_sc_hd__a21o_1)
                                         _0242_ (net)
                  0.04    0.00    2.12 v _0940_/A2 (sky130_fd_sc_hd__a21o_1)
     3    0.02    0.07    0.16    2.28 v _0940_/X (sky130_fd_sc_hd__a21o_1)
                                         _0249_ (net)
                  0.07    0.00    2.28 v _0965_/A1 (sky130_fd_sc_hd__a21o_1)
     2    0.01    0.05    0.14    2.42 v _0965_/X (sky130_fd_sc_hd__a21o_1)
                                         _0274_ (net)
                  0.05    0.00    2.42 v _0967_/A (sky130_fd_sc_hd__xnor2_2)
     2    0.01    0.15    0.16    2.58 ^ _0967_/Y (sky130_fd_sc_hd__xnor2_2)
                                         _0276_ (net)
                  0.15    0.00    2.59 ^ _0968_/B (sky130_fd_sc_hd__xnor2_2)
     3    0.01    0.05    0.06    2.64 v _0968_/Y (sky130_fd_sc_hd__xnor2_2)
                                         _0277_ (net)
                  0.05    0.00    2.65 v _0969_/A (sky130_fd_sc_hd__or2_4)
     1    0.00    0.03    0.16    2.81 v _0969_/X (sky130_fd_sc_hd__or2_4)
                                         _0278_ (net)
                  0.03    0.00    2.81 v _0971_/A2 (sky130_fd_sc_hd__a21o_1)
     1    0.01    0.04    0.14    2.94 v _0971_/X (sky130_fd_sc_hd__a21o_1)
                                         _0280_ (net)
                  0.04    0.00    2.94 v _0977_/A (sky130_fd_sc_hd__xnor2_2)
     7    0.02    0.22    0.22    3.16 ^ _0977_/Y (sky130_fd_sc_hd__xnor2_2)
                                         _0286_ (net)
                  0.22    0.00    3.16 ^ _0992_/A_N (sky130_fd_sc_hd__and3b_1)
     3    0.01    0.05    0.15    3.31 v _0992_/X (sky130_fd_sc_hd__and3b_1)
                                         _0301_ (net)
                  0.05    0.00    3.31 v _1348_/A (sky130_fd_sc_hd__or2b_1)
     1    0.00    0.03    0.14    3.45 v _1348_/X (sky130_fd_sc_hd__or2b_1)
                                         _0636_ (net)
                  0.03    0.00    3.45 v _1349_/A2 (sky130_fd_sc_hd__a21o_1)
     1    0.00    0.02    0.11    3.57 v _1349_/X (sky130_fd_sc_hd__a21o_1)
                                         _0637_ (net)
                  0.02    0.00    3.57 v _1354_/A2 (sky130_fd_sc_hd__a31o_1)
     1    0.01    0.03    0.14    3.71 v _1354_/X (sky130_fd_sc_hd__a31o_1)
                                         _0642_ (net)
                  0.03    0.00    3.71 v _1355_/A3 (sky130_fd_sc_hd__o31a_1)
     1    0.00    0.03    0.14    3.85 v _1355_/X (sky130_fd_sc_hd__o31a_1)
                                         _0021_ (net)
                  0.03    0.00    3.85 v _1495_/D (sky130_fd_sc_hd__dfxtp_1)
                                  3.85   data arrival time

                  0.15   10.00   10.00   clock CLK (rise edge)
                          0.00   10.00   clock network delay (ideal)
                         -0.25    9.75   clock uncertainty
                          0.00    9.75   clock reconvergence pessimism
                                  9.75 ^ _1495_/CLK (sky130_fd_sc_hd__dfxtp_1)
                         -0.06    9.69   library setup time
                                  9.69   data required time
-----------------------------------------------------------------------------
                                  9.69   data required time
                                 -3.85   data arrival time
-----------------------------------------------------------------------------
                                  5.84   slack (MET)



======================= Slowest Corner ===================================

Startpoint: _1475_ (rising edge-triggered flip-flop clocked by CLK)
Endpoint: _1485_ (rising edge-triggered flip-flop clocked by CLK)
Path Group: CLK
Path Type: max
Corner: Slowest

Fanout     Cap    Slew   Delay    Time   Description
-----------------------------------------------------------------------------
                  0.15    0.00    0.00   clock CLK (rise edge)
                          0.00    0.00   clock network delay (ideal)
                  0.15    0.00    0.00 ^ _1475_/CLK (sky130_fd_sc_hd__dfxtp_2)
     4    0.02    0.19    0.83    0.83 ^ _1475_/Q (sky130_fd_sc_hd__dfxtp_2)
                                         SEXT_bias_0___d11[0] (net)
                  0.19    0.00    0.83 ^ _1048_/B_N (sky130_fd_sc_hd__or2b_4)
     2    0.01    0.10    0.61    1.44 v _1048_/X (sky130_fd_sc_hd__or2b_4)
                                         _0350_ (net)
                  0.10    0.00    1.44 v _1053_/B (sky130_fd_sc_hd__nand2_1)
     1    0.00    0.07    0.12    1.56 ^ _1053_/Y (sky130_fd_sc_hd__nand2_1)
                                         _0355_ (net)
                  0.07    0.00    1.56 ^ _1054_/B1 (sky130_fd_sc_hd__o21a_1)
     2    0.01    0.24    0.37    1.93 ^ _1054_/X (sky130_fd_sc_hd__o21a_1)
                                         _0356_ (net)
                  0.24    0.00    1.93 ^ _1058_/A2 (sky130_fd_sc_hd__o21ba_4)
     2    0.01    0.08    0.33    2.25 ^ _1058_/X (sky130_fd_sc_hd__o21ba_4)
                                         _0360_ (net)
                  0.08    0.00    2.25 ^ _1060_/A2 (sky130_fd_sc_hd__o21ba_1)
     2    0.00    0.09    0.25    2.51 ^ _1060_/X (sky130_fd_sc_hd__o21ba_1)
                                         _0362_ (net)
                  0.09    0.00    2.51 ^ _1063_/B (sky130_fd_sc_hd__and2b_1)
     3    0.01    0.14    0.31    2.81 ^ _1063_/X (sky130_fd_sc_hd__and2b_1)
                                         _0365_ (net)
                  0.14    0.00    2.81 ^ _1065_/C (sky130_fd_sc_hd__or3_1)
     1    0.01    0.10    0.24    3.05 ^ _1065_/X (sky130_fd_sc_hd__or3_1)
                                         _0367_ (net)
                  0.10    0.00    3.05 ^ _1066_/A (sky130_fd_sc_hd__buf_6)
     8    0.03    0.11    0.24    3.29 ^ _1066_/X (sky130_fd_sc_hd__buf_6)
                                         _0368_ (net)
                  0.11    0.00    3.29 ^ _1067_/A (sky130_fd_sc_hd__inv_2)
     3    0.01    0.05    0.09    3.38 v _1067_/Y (sky130_fd_sc_hd__inv_2)
                                         _0369_ (net)
                  0.05    0.00    3.38 v _1072_/B (sky130_fd_sc_hd__or4_4)
     3    0.01    0.17    1.08    4.46 v _1072_/X (sky130_fd_sc_hd__or4_4)
                                         _0374_ (net)
                  0.17    0.00    4.46 v _1073_/A (sky130_fd_sc_hd__or2_4)
     3    0.01    0.09    0.55    5.01 v _1073_/X (sky130_fd_sc_hd__or2_4)
                                         _0375_ (net)
                  0.09    0.00    5.01 v rebuffer21/A (sky130_fd_sc_hd__dlymetal6s2s_1)
     5    0.02    0.20    0.42    5.43 v rebuffer21/X (sky130_fd_sc_hd__dlymetal6s2s_1)
                                         net60 (net)
                  0.20    0.00    5.43 v _1093_/B (sky130_fd_sc_hd__nor2_4)
     6    0.03    0.31    0.35    5.78 ^ _1093_/Y (sky130_fd_sc_hd__nor2_4)
                                         _0395_ (net)
                  0.31    0.00    5.78 ^ _1095_/A (sky130_fd_sc_hd__nand2_1)
     2    0.00    0.13    0.22    6.00 v _1095_/Y (sky130_fd_sc_hd__nand2_1)
                                         _0397_ (net)
                  0.13    0.00    6.00 v _1098_/A3 (sky130_fd_sc_hd__a31o_1)
     3    0.01    0.12    0.49    6.49 v _1098_/X (sky130_fd_sc_hd__a31o_1)
                                         _0400_ (net)
                  0.12    0.00    6.49 v _1101_/A (sky130_fd_sc_hd__and2_1)
     4    0.01    0.15    0.40    6.89 v _1101_/X (sky130_fd_sc_hd__and2_1)
                                         _0403_ (net)
                  0.15    0.00    6.89 v _1119_/B1 (sky130_fd_sc_hd__a2111o_1)
     2    0.01    0.15    0.85    7.75 v _1119_/X (sky130_fd_sc_hd__a2111o_1)
                                         _0421_ (net)
                  0.15    0.00    7.75 v _1122_/B (sky130_fd_sc_hd__or3b_4)
     5    0.02    0.15    0.85    8.60 v _1122_/X (sky130_fd_sc_hd__or3b_4)
                                         _0424_ (net)
                  0.15    0.00    8.60 v _1123_/B (sky130_fd_sc_hd__and2_1)
     3    0.01    0.12    0.43    9.03 v _1123_/X (sky130_fd_sc_hd__and2_1)
                                         _0425_ (net)
                  0.12    0.00    9.03 v _1199_/A (sky130_fd_sc_hd__nand2_1)
     3    0.01    0.20    0.22    9.25 ^ _1199_/Y (sky130_fd_sc_hd__nand2_1)
                                         _0497_ (net)
                  0.20    0.00    9.25 ^ _1201_/A3 (sky130_fd_sc_hd__o32a_1)
     1    0.01    0.14    0.37    9.62 ^ _1201_/X (sky130_fd_sc_hd__o32a_1)
                                         _0499_ (net)
                  0.14    0.00    9.63 ^ _1202_/B_N (sky130_fd_sc_hd__or2b_1)
     1    0.00    0.09    0.54   10.17 v _1202_/X (sky130_fd_sc_hd__or2b_1)
                                         _0500_ (net)
                  0.09    0.00   10.17 v _1203_/C1 (sky130_fd_sc_hd__o221a_1)
     1    0.00    0.09    0.23   10.40 v _1203_/X (sky130_fd_sc_hd__o221a_1)
                                         _0501_ (net)
                  0.09    0.00   10.40 v _1214_/B (sky130_fd_sc_hd__or3_1)
     1    0.01    0.18    0.91   11.31 v _1214_/X (sky130_fd_sc_hd__or3_1)
                                         _0512_ (net)
                  0.18    0.00   11.31 v _1216_/B (sky130_fd_sc_hd__and3_1)
     1    0.00    0.08    0.42   11.73 v _1216_/X (sky130_fd_sc_hd__and3_1)
                                         _0514_ (net)
                  0.08    0.00   11.73 v _1217_/A (sky130_fd_sc_hd__clkbuf_1)
     1    0.00    0.05    0.17   11.90 v _1217_/X (sky130_fd_sc_hd__clkbuf_1)
                                         _0011_ (net)
                  0.05    0.00   11.90 v _1485_/D (sky130_fd_sc_hd__dfxtp_2)
                                 11.90   data arrival time

                  0.15   10.00   10.00   clock CLK (rise edge)
                          0.00   10.00   clock network delay (ideal)
                         -0.25    9.75   clock uncertainty
                          0.00    9.75   clock reconvergence pessimism
                                  9.75 ^ _1485_/CLK (sky130_fd_sc_hd__dfxtp_2)
                         -0.24    9.51   library setup time
                                  9.51   data required time
-----------------------------------------------------------------------------
                                  9.51   data required time
                                -11.90   data arrival time
-----------------------------------------------------------------------------
                                 -2.39   slack (VIOLATED)



======================= Typical Corner ===================================

Startpoint: _1488_ (rising edge-triggered flip-flop clocked by CLK)
Endpoint: _1495_ (rising edge-triggered flip-flop clocked by CLK)
Path Group: CLK
Path Type: max
Corner: Typical

Fanout     Cap    Slew   Delay    Time   Description
-----------------------------------------------------------------------------
                  0.15    0.00    0.00   clock CLK (rise edge)
                          0.00    0.00   clock network delay (ideal)
                  0.15    0.00    0.00 ^ _1488_/CLK (sky130_fd_sc_hd__dfxtp_4)
     7    0.03    0.11    0.45    0.45 ^ _1488_/Q (sky130_fd_sc_hd__dfxtp_4)
                                         exp_term[6] (net)
                  0.11    0.00    0.45 ^ _0739_/A_N (sky130_fd_sc_hd__and2b_1)
     2    0.01    0.05    0.22    0.67 v _0739_/X (sky130_fd_sc_hd__and2b_1)
                                         _0048_ (net)
                  0.05    0.00    0.67 v _0741_/B (sky130_fd_sc_hd__or2_4)
     2    0.01    0.05    0.24    0.91 v _0741_/X (sky130_fd_sc_hd__or2_4)
                                         _0050_ (net)
                  0.05    0.00    0.91 v _0752_/A (sky130_fd_sc_hd__or3_4)
     2    0.01    0.07    0.41    1.32 v _0752_/X (sky130_fd_sc_hd__or3_4)
                                         _0061_ (net)
                  0.07    0.00    1.32 v _0789_/A1 (sky130_fd_sc_hd__a22o_4)
     4    0.01    0.05    0.28    1.60 v _0789_/X (sky130_fd_sc_hd__a22o_4)
                                         _0098_ (net)
                  0.05    0.00    1.60 v _0801_/A (sky130_fd_sc_hd__buf_6)
    10    0.04    0.05    0.15    1.76 v _0801_/X (sky130_fd_sc_hd__buf_6)
                                         _0110_ (net)
                  0.05    0.00    1.76 v _0840_/C (sky130_fd_sc_hd__nor4b_1)
     2    0.01    0.41    0.39    2.15 ^ _0840_/Y (sky130_fd_sc_hd__nor4b_1)
                                         _0149_ (net)
                  0.41    0.00    2.15 ^ wire35/A (sky130_fd_sc_hd__clkbuf_2)
     4    0.01    0.09    0.23    2.38 ^ wire35/X (sky130_fd_sc_hd__clkbuf_2)
                                         net35 (net)
                  0.09    0.00    2.38 ^ _0841_/B1 (sky130_fd_sc_hd__o21a_1)
     1    0.01    0.07    0.15    2.53 ^ _0841_/X (sky130_fd_sc_hd__o21a_1)
                                         _0150_ (net)
                  0.07    0.00    2.53 ^ _0842_/A4 (sky130_fd_sc_hd__o41ai_2)
     1    0.00    0.07    0.07    2.60 v _0842_/Y (sky130_fd_sc_hd__o41ai_2)
                                         _0151_ (net)
                  0.07    0.00    2.60 v wire34/A (sky130_fd_sc_hd__clkbuf_1)
     2    0.01    0.04    0.12    2.71 v wire34/X (sky130_fd_sc_hd__clkbuf_1)
                                         net34 (net)
                  0.04    0.00    2.71 v max_cap33/A (sky130_fd_sc_hd__clkbuf_1)
     1    0.00    0.03    0.09    2.80 v max_cap33/X (sky130_fd_sc_hd__clkbuf_1)
                                         net33 (net)
                  0.03    0.00    2.80 v _0846_/A1 (sky130_fd_sc_hd__a21o_1)
     4    0.01    0.07    0.19    3.00 v _0846_/X (sky130_fd_sc_hd__a21o_1)
                                         _0155_ (net)
                  0.07    0.00    3.00 v _0881_/A2 (sky130_fd_sc_hd__a21o_1)
     2    0.01    0.06    0.22    3.22 v _0881_/X (sky130_fd_sc_hd__a21o_1)
                                         _0190_ (net)
                  0.06    0.00    3.22 v _0933_/A1 (sky130_fd_sc_hd__a21o_1)
     2    0.01    0.06    0.19    3.42 v _0933_/X (sky130_fd_sc_hd__a21o_1)
                                         _0242_ (net)
                  0.06    0.00    3.42 v _0940_/A2 (sky130_fd_sc_hd__a21o_1)
     3    0.02    0.09    0.25    3.66 v _0940_/X (sky130_fd_sc_hd__a21o_1)
                                         _0249_ (net)
                  0.09    0.00    3.66 v _0965_/A1 (sky130_fd_sc_hd__a21o_1)
     2    0.01    0.07    0.22    3.88 v _0965_/X (sky130_fd_sc_hd__a21o_1)
                                         _0274_ (net)
                  0.07    0.00    3.88 v _0967_/A (sky130_fd_sc_hd__xnor2_2)
     2    0.01    0.20    0.23    4.11 ^ _0967_/Y (sky130_fd_sc_hd__xnor2_2)
                                         _0276_ (net)
                  0.20    0.00    4.11 ^ _0968_/B (sky130_fd_sc_hd__xnor2_2)
     3    0.01    0.07    0.11    4.22 v _0968_/Y (sky130_fd_sc_hd__xnor2_2)
                                         _0277_ (net)
                  0.07    0.00    4.23 v _0969_/A (sky130_fd_sc_hd__or2_4)
     1    0.00    0.04    0.26    4.49 v _0969_/X (sky130_fd_sc_hd__or2_4)
                                         _0278_ (net)
                  0.04    0.00    4.49 v _0971_/A2 (sky130_fd_sc_hd__a21o_1)
     1    0.01    0.06    0.21    4.70 v _0971_/X (sky130_fd_sc_hd__a21o_1)
                                         _0280_ (net)
                  0.06    0.00    4.70 v _0977_/A (sky130_fd_sc_hd__xnor2_2)
     7    0.02    0.29    0.30    5.00 ^ _0977_/Y (sky130_fd_sc_hd__xnor2_2)
                                         _0286_ (net)
                  0.29    0.00    5.00 ^ _0992_/A_N (sky130_fd_sc_hd__and3b_1)
     3    0.01    0.06    0.26    5.26 v _0992_/X (sky130_fd_sc_hd__and3b_1)
                                         _0301_ (net)
                  0.06    0.00    5.26 v _1348_/A (sky130_fd_sc_hd__or2b_1)
     1    0.00    0.05    0.24    5.49 v _1348_/X (sky130_fd_sc_hd__or2b_1)
                                         _0636_ (net)
                  0.05    0.00    5.49 v _1349_/A2 (sky130_fd_sc_hd__a21o_1)
     1    0.00    0.03    0.18    5.67 v _1349_/X (sky130_fd_sc_hd__a21o_1)
                                         _0637_ (net)
                  0.03    0.00    5.67 v _1354_/A2 (sky130_fd_sc_hd__a31o_1)
     1    0.01    0.05    0.22    5.89 v _1354_/X (sky130_fd_sc_hd__a31o_1)
                                         _0642_ (net)
                  0.05    0.00    5.89 v _1355_/A3 (sky130_fd_sc_hd__o31a_1)
     1    0.00    0.04    0.24    6.13 v _1355_/X (sky130_fd_sc_hd__o31a_1)
                                         _0021_ (net)
                  0.04    0.00    6.13 v _1495_/D (sky130_fd_sc_hd__dfxtp_1)
                                  6.13   data arrival time

                  0.15   10.00   10.00   clock CLK (rise edge)
                          0.00   10.00   clock network delay (ideal)
                         -0.25    9.75   clock uncertainty
                          0.00    9.75   clock reconvergence pessimism
                                  9.75 ^ _1495_/CLK (sky130_fd_sc_hd__dfxtp_1)
                         -0.08    9.67   library setup time
                                  9.67   data required time
-----------------------------------------------------------------------------
                                  9.67   data required time
                                 -6.13   data arrival time
-----------------------------------------------------------------------------
                                  3.54   slack (MET)




===========================================================================
report_checks --slack_max -0.01
============================================================================
======================= Fastest Corner ===================================

No paths found.

======================= Slowest Corner ===================================

Startpoint: _1475_ (rising edge-triggered flip-flop clocked by CLK)
Endpoint: _1485_ (rising edge-triggered flip-flop clocked by CLK)
Path Group: CLK
Path Type: max
Corner: Slowest

Fanout     Cap    Slew   Delay    Time   Description
-----------------------------------------------------------------------------
                  0.15    0.00    0.00   clock CLK (rise edge)
                          0.00    0.00   clock network delay (ideal)
                  0.15    0.00    0.00 ^ _1475_/CLK (sky130_fd_sc_hd__dfxtp_2)
     4    0.02    0.19    0.83    0.83 ^ _1475_/Q (sky130_fd_sc_hd__dfxtp_2)
                                         SEXT_bias_0___d11[0] (net)
                  0.19    0.00    0.83 ^ _1048_/B_N (sky130_fd_sc_hd__or2b_4)
     2    0.01    0.10    0.61    1.44 v _1048_/X (sky130_fd_sc_hd__or2b_4)
                                         _0350_ (net)
                  0.10    0.00    1.44 v _1053_/B (sky130_fd_sc_hd__nand2_1)
     1    0.00    0.07    0.12    1.56 ^ _1053_/Y (sky130_fd_sc_hd__nand2_1)
                                         _0355_ (net)
                  0.07    0.00    1.56 ^ _1054_/B1 (sky130_fd_sc_hd__o21a_1)
     2    0.01    0.24    0.37    1.93 ^ _1054_/X (sky130_fd_sc_hd__o21a_1)
                                         _0356_ (net)
                  0.24    0.00    1.93 ^ _1058_/A2 (sky130_fd_sc_hd__o21ba_4)
     2    0.01    0.08    0.33    2.25 ^ _1058_/X (sky130_fd_sc_hd__o21ba_4)
                                         _0360_ (net)
                  0.08    0.00    2.25 ^ _1060_/A2 (sky130_fd_sc_hd__o21ba_1)
     2    0.00    0.09    0.25    2.51 ^ _1060_/X (sky130_fd_sc_hd__o21ba_1)
                                         _0362_ (net)
                  0.09    0.00    2.51 ^ _1063_/B (sky130_fd_sc_hd__and2b_1)
     3    0.01    0.14    0.31    2.81 ^ _1063_/X (sky130_fd_sc_hd__and2b_1)
                                         _0365_ (net)
                  0.14    0.00    2.81 ^ _1065_/C (sky130_fd_sc_hd__or3_1)
     1    0.01    0.10    0.24    3.05 ^ _1065_/X (sky130_fd_sc_hd__or3_1)
                                         _0367_ (net)
                  0.10    0.00    3.05 ^ _1066_/A (sky130_fd_sc_hd__buf_6)
     8    0.03    0.11    0.24    3.29 ^ _1066_/X (sky130_fd_sc_hd__buf_6)
                                         _0368_ (net)
                  0.11    0.00    3.29 ^ _1067_/A (sky130_fd_sc_hd__inv_2)
     3    0.01    0.05    0.09    3.38 v _1067_/Y (sky130_fd_sc_hd__inv_2)
                                         _0369_ (net)
                  0.05    0.00    3.38 v _1072_/B (sky130_fd_sc_hd__or4_4)
     3    0.01    0.17    1.08    4.46 v _1072_/X (sky130_fd_sc_hd__or4_4)
                                         _0374_ (net)
                  0.17    0.00    4.46 v _1073_/A (sky130_fd_sc_hd__or2_4)
     3    0.01    0.09    0.55    5.01 v _1073_/X (sky130_fd_sc_hd__or2_4)
                                         _0375_ (net)
                  0.09    0.00    5.01 v rebuffer21/A (sky130_fd_sc_hd__dlymetal6s2s_1)
     5    0.02    0.20    0.42    5.43 v rebuffer21/X (sky130_fd_sc_hd__dlymetal6s2s_1)
                                         net60 (net)
                  0.20    0.00    5.43 v _1093_/B (sky130_fd_sc_hd__nor2_4)
     6    0.03    0.31    0.35    5.78 ^ _1093_/Y (sky130_fd_sc_hd__nor2_4)
                                         _0395_ (net)
                  0.31    0.00    5.78 ^ _1095_/A (sky130_fd_sc_hd__nand2_1)
     2    0.00    0.13    0.22    6.00 v _1095_/Y (sky130_fd_sc_hd__nand2_1)
                                         _0397_ (net)
                  0.13    0.00    6.00 v _1098_/A3 (sky130_fd_sc_hd__a31o_1)
     3    0.01    0.12    0.49    6.49 v _1098_/X (sky130_fd_sc_hd__a31o_1)
                                         _0400_ (net)
                  0.12    0.00    6.49 v _1101_/A (sky130_fd_sc_hd__and2_1)
     4    0.01    0.15    0.40    6.89 v _1101_/X (sky130_fd_sc_hd__and2_1)
                                         _0403_ (net)
                  0.15    0.00    6.89 v _1119_/B1 (sky130_fd_sc_hd__a2111o_1)
     2    0.01    0.15    0.85    7.75 v _1119_/X (sky130_fd_sc_hd__a2111o_1)
                                         _0421_ (net)
                  0.15    0.00    7.75 v _1122_/B (sky130_fd_sc_hd__or3b_4)
     5    0.02    0.15    0.85    8.60 v _1122_/X (sky130_fd_sc_hd__or3b_4)
                                         _0424_ (net)
                  0.15    0.00    8.60 v _1123_/B (sky130_fd_sc_hd__and2_1)
     3    0.01    0.12    0.43    9.03 v _1123_/X (sky130_fd_sc_hd__and2_1)
                                         _0425_ (net)
                  0.12    0.00    9.03 v _1199_/A (sky130_fd_sc_hd__nand2_1)
     3    0.01    0.20    0.22    9.25 ^ _1199_/Y (sky130_fd_sc_hd__nand2_1)
                                         _0497_ (net)
                  0.20    0.00    9.25 ^ _1201_/A3 (sky130_fd_sc_hd__o32a_1)
     1    0.01    0.14    0.37    9.62 ^ _1201_/X (sky130_fd_sc_hd__o32a_1)
                                         _0499_ (net)
                  0.14    0.00    9.63 ^ _1202_/B_N (sky130_fd_sc_hd__or2b_1)
     1    0.00    0.09    0.54   10.17 v _1202_/X (sky130_fd_sc_hd__or2b_1)
                                         _0500_ (net)
                  0.09    0.00   10.17 v _1203_/C1 (sky130_fd_sc_hd__o221a_1)
     1    0.00    0.09    0.23   10.40 v _1203_/X (sky130_fd_sc_hd__o221a_1)
                                         _0501_ (net)
                  0.09    0.00   10.40 v _1214_/B (sky130_fd_sc_hd__or3_1)
     1    0.01    0.18    0.91   11.31 v _1214_/X (sky130_fd_sc_hd__or3_1)
                                         _0512_ (net)
                  0.18    0.00   11.31 v _1216_/B (sky130_fd_sc_hd__and3_1)
     1    0.00    0.08    0.42   11.73 v _1216_/X (sky130_fd_sc_hd__and3_1)
                                         _0514_ (net)
                  0.08    0.00   11.73 v _1217_/A (sky130_fd_sc_hd__clkbuf_1)
     1    0.00    0.05    0.17   11.90 v _1217_/X (sky130_fd_sc_hd__clkbuf_1)
                                         _0011_ (net)
                  0.05    0.00   11.90 v _1485_/D (sky130_fd_sc_hd__dfxtp_2)
                                 11.90   data arrival time

                  0.15   10.00   10.00   clock CLK (rise edge)
                          0.00   10.00   clock network delay (ideal)
                         -0.25    9.75   clock uncertainty
                          0.00    9.75   clock reconvergence pessimism
                                  9.75 ^ _1485_/CLK (sky130_fd_sc_hd__dfxtp_2)
                         -0.24    9.51   library setup time
                                  9.51   data required time
-----------------------------------------------------------------------------
                                  9.51   data required time
                                -11.90   data arrival time
-----------------------------------------------------------------------------
                                 -2.39   slack (VIOLATED)



======================= Typical Corner ===================================

No paths found.


===========================================================================
 report_check_types -max_slew -max_cap -max_fanout -violators
============================================================================
======================= Fastest Corner ===================================

max fanout

Pin                                   Limit Fanout  Slack
---------------------------------------------------------
_1255_/X                                 10     11        (VIOLATED)


max slew violations count Fastest: 0
max fanout violations count Fastest: 1
max cap violations count Fastest: 0
======================= Slowest Corner ===================================

max fanout

Pin                                   Limit Fanout  Slack
---------------------------------------------------------
_1255_/X                                 10     11        (VIOLATED)


max slew violations count Slowest: 0
max fanout violations count Slowest: 1
max cap violations count Slowest: 0
======================= Typical Corner ===================================

max fanout

Pin                                   Limit Fanout  Slack
---------------------------------------------------------
_1255_/X                                 10     11        (VIOLATED)


max slew violations count Typical: 0
max fanout violations count Typical: 1
max cap violations count Typical: 0

===========================================================================
report_parasitic_annotation -report_unannotated
============================================================================
Found 4 unannotated drivers.
 mkCondensed_36/LO
 mkCondensed_37/LO
 mkCondensed_38/LO
 mkCondensed_39/LO
Found 0 partially unannotated drivers.

===========================================================================
max slew violation count 0
max fanout violation count 1
max cap violation count 0
============================================================================

===========================================================================
check_setup -verbose -unconstrained_endpoints -multiple_clock -no_clock -no_input_delay -loops -generated_clocks
===========================================================================
Warning: There are 4 unconstrained endpoints.
  RDY_read_out
  RDY_set_bias
  RDY_set_inp
  RDY_set_mode
